<?xml version="1.0" encoding="UTF-8"?>
<testsuite name="com.jojoldu.book.springboot.domain.posts.PostRepositoryTest" tests="2" skipped="0" failures="0" errors="0" timestamp="2023-02-03T07:14:56" hostname="DESKTOP-KCOKBQK" time="0.026">
  <properties/>
  <testcase name="게시글저장_불러오기" classname="com.jojoldu.book.springboot.domain.posts.PostRepositoryTest" time="0.016"/>
  <testcase name="BaseTimeEntity_등록" classname="com.jojoldu.book.springboot.domain.posts.PostRepositoryTest" time="0.01"/>
  <system-out><![CDATA[2023-02-03 16:14:55.541  INFO 15040 --- [    Test worker] .b.t.c.SpringBootTestContextBootstrapper : Neither @ContextConfiguration nor @ContextHierarchy found for test class [com.jojoldu.book.springboot.domain.posts.PostRepositoryTest], using SpringBootContextLoader
2023-02-03 16:14:55.543  INFO 15040 --- [    Test worker] o.s.t.c.support.AbstractContextLoader    : Could not detect default resource locations for test class [com.jojoldu.book.springboot.domain.posts.PostRepositoryTest]: no resource found for suffixes {-context.xml, Context.groovy}.
2023-02-03 16:14:55.544  INFO 15040 --- [    Test worker] t.c.s.AnnotationConfigContextLoaderUtils : Could not detect default configuration classes for test class [com.jojoldu.book.springboot.domain.posts.PostRepositoryTest]: PostRepositoryTest does not declare any static, non-private, non-final, nested classes annotated with @Configuration.
2023-02-03 16:14:55.553  INFO 15040 --- [    Test worker] .b.t.c.SpringBootTestContextBootstrapper : Found @SpringBootConfiguration com.jojoldu.book.springboot.Application for test class com.jojoldu.book.springboot.domain.posts.PostRepositoryTest
2023-02-03 16:14:55.554  INFO 15040 --- [    Test worker] .b.t.c.SpringBootTestContextBootstrapper : Loaded default TestExecutionListener class names from location [META-INF/spring.factories]: [org.springframework.security.test.context.support.WithSecurityContextTestExecutionListener, org.springframework.security.test.context.support.ReactorContextTestExecutionListener, org.springframework.boot.test.autoconfigure.restdocs.RestDocsTestExecutionListener, org.springframework.boot.test.autoconfigure.web.client.MockRestServiceServerResetTestExecutionListener, org.springframework.boot.test.autoconfigure.web.servlet.MockMvcPrintOnlyOnFailureTestExecutionListener, org.springframework.boot.test.autoconfigure.web.servlet.WebDriverTestExecutionListener, org.springframework.boot.test.mock.mockito.MockitoTestExecutionListener, org.springframework.boot.test.mock.mockito.ResetMocksTestExecutionListener, org.springframework.test.context.web.ServletTestExecutionListener, org.springframework.test.context.support.DirtiesContextBeforeModesTestExecutionListener, org.springframework.test.context.support.DependencyInjectionTestExecutionListener, org.springframework.test.context.support.DirtiesContextTestExecutionListener, org.springframework.test.context.transaction.TransactionalTestExecutionListener, org.springframework.test.context.jdbc.SqlScriptsTestExecutionListener]
2023-02-03 16:14:55.555  INFO 15040 --- [    Test worker] .b.t.c.SpringBootTestContextBootstrapper : Using TestExecutionListeners: [org.springframework.test.context.web.ServletTestExecutionListener@7a950cdb, org.springframework.test.context.support.DirtiesContextBeforeModesTestExecutionListener@235b087, org.springframework.boot.test.mock.mockito.MockitoTestExecutionListener@28fb3b4b, org.springframework.boot.test.autoconfigure.SpringBootDependencyInjectionTestExecutionListener@6891479c, org.springframework.test.context.support.DirtiesContextTestExecutionListener@3ab07d81, org.springframework.test.context.transaction.TransactionalTestExecutionListener@152e43d8, org.springframework.test.context.jdbc.SqlScriptsTestExecutionListener@64fe0355, org.springframework.security.test.context.support.WithSecurityContextTestExecutionListener@63115f1, org.springframework.security.test.context.support.ReactorContextTestExecutionListener@3fd42cc3, org.springframework.boot.test.autoconfigure.restdocs.RestDocsTestExecutionListener@58839862, org.springframework.boot.test.autoconfigure.web.client.MockRestServiceServerResetTestExecutionListener@4c73dc8c, org.springframework.boot.test.autoconfigure.web.servlet.MockMvcPrintOnlyOnFailureTestExecutionListener@42e3d66e, org.springframework.boot.test.autoconfigure.web.servlet.WebDriverTestExecutionListener@5ccf58c5, org.springframework.boot.test.mock.mockito.ResetMocksTestExecutionListener@18cb8bb6]

  .   ____          _            __ _ _
 /\\ / ___'_ __ _ _(_)_ __  __ _ \ \ \ \
( ( )\___ | '_ | '_| | '_ \/ _` | \ \ \ \
 \\/  ___)| |_)| | | | | || (_| |  ) ) ) )
  '  |____| .__|_| |_|_| |_\__, | / / / /
 =========|_|==============|___/=/_/_/_/
 :: Spring Boot ::        (v2.1.9.RELEASE)

2023-02-03 16:14:55.592  INFO 15040 --- [    Test worker] c.j.b.s.domain.posts.PostRepositoryTest  : Starting PostRepositoryTest on DESKTOP-KCOKBQK with PID 15040 (started by user in D:\springboot_intellij\freelec-springboot2-webservice)
2023-02-03 16:14:55.593  INFO 15040 --- [    Test worker] c.j.b.s.domain.posts.PostRepositoryTest  : The following profiles are active: google,oauth
2023-02-03 16:14:55.776  INFO 15040 --- [    Test worker] .s.d.r.c.RepositoryConfigurationDelegate : Bootstrapping Spring Data repositories in DEFAULT mode.
2023-02-03 16:14:55.790  INFO 15040 --- [    Test worker] .s.d.r.c.RepositoryConfigurationDelegate : Finished Spring Data repository scanning in 14ms. Found 2 repository interfaces.
2023-02-03 16:14:55.868  INFO 15040 --- [    Test worker] trationDelegate$BeanPostProcessorChecker : Bean 'org.springframework.transaction.annotation.ProxyTransactionManagementConfiguration' of type [org.springframework.transaction.annotation.ProxyTransactionManagementConfiguration$$EnhancerBySpringCGLIB$$83e87f09] is not eligible for getting processed by all BeanPostProcessors (for example: not eligible for auto-proxying)
2023-02-03 16:14:55.937  INFO 15040 --- [    Test worker] com.zaxxer.hikari.HikariDataSource       : HikariPool-2 - Starting...
2023-02-03 16:14:55.938  INFO 15040 --- [    Test worker] com.zaxxer.hikari.HikariDataSource       : HikariPool-2 - Start completed.
2023-02-03 16:14:55.955  INFO 15040 --- [    Test worker] o.hibernate.jpa.internal.util.LogHelper  : HHH000204: Processing PersistenceUnitInfo [
	name: default
	...]
2023-02-03 16:14:55.962  INFO 15040 --- [    Test worker] org.hibernate.dialect.Dialect            : HHH000400: Using dialect: org.hibernate.dialect.MySQL5InnoDBDialect
Hibernate: drop table if exists posts
Hibernate: drop table if exists user
Hibernate: create table posts (id bigint not null auto_increment, created_date datetime, modified_date datetime, author varchar(255), content TEXT not null, title varchar(500) not null, primary key (id)) engine=InnoDB
Hibernate: create table user (id bigint not null auto_increment, created_date datetime, modified_date datetime, email varchar(255) not null, name varchar(255) not null, picture varchar(255), role varchar(255) not null, primary key (id)) engine=InnoDB
2023-02-03 16:14:55.998  INFO 15040 --- [    Test worker] o.h.t.schema.internal.SchemaCreatorImpl  : HHH000476: Executing import script 'org.hibernate.tool.schema.internal.exec.ScriptSourceInputNonExistentImpl@668c7f06'
2023-02-03 16:14:55.998  INFO 15040 --- [    Test worker] j.LocalContainerEntityManagerFactoryBean : Initialized JPA EntityManagerFactory for persistence unit 'default'
2023-02-03 16:14:56.152  INFO 15040 --- [    Test worker] o.h.h.i.QueryTranslatorFactoryInitiator  : HHH000397: Using ASTQueryTranslatorFactory
2023-02-03 16:14:56.267  INFO 15040 --- [    Test worker] o.s.s.web.DefaultSecurityFilterChain     : Creating filter chain: any request, [org.springframework.security.web.context.request.async.WebAsyncManagerIntegrationFilter@50de96e8, org.springframework.security.web.context.SecurityContextPersistenceFilter@44a891b, org.springframework.security.web.header.HeaderWriterFilter@2d7313c2, org.springframework.security.web.authentication.logout.LogoutFilter@2a6b053a, org.springframework.security.oauth2.client.web.OAuth2AuthorizationRequestRedirectFilter@59008f9c, org.springframework.security.oauth2.client.web.OAuth2LoginAuthenticationFilter@569c5e6e, org.springframework.security.web.authentication.ui.DefaultLoginPageGeneratingFilter@7ab95927, org.springframework.security.web.authentication.ui.DefaultLogoutPageGeneratingFilter@60523830, org.springframework.security.web.savedrequest.RequestCacheAwareFilter@60a4026d, org.springframework.security.web.servletapi.SecurityContextHolderAwareRequestFilter@55fce0b8, org.springframework.security.web.authentication.AnonymousAuthenticationFilter@3df327c9, org.springframework.security.web.session.SessionManagementFilter@27e10169, org.springframework.security.web.access.ExceptionTranslationFilter@6b01e16e, org.springframework.security.web.access.intercept.FilterSecurityInterceptor@66bac0db]
2023-02-03 16:14:56.485  INFO 15040 --- [    Test worker] o.s.s.concurrent.ThreadPoolTaskExecutor  : Initializing ExecutorService 'applicationTaskExecutor'
2023-02-03 16:14:56.499  WARN 15040 --- [    Test worker] aWebConfiguration$JpaWebMvcConfiguration : spring.jpa.open-in-view is enabled by default. Therefore, database queries may be performed during view rendering. Explicitly configure spring.jpa.open-in-view to disable this warning
2023-02-03 16:14:56.519  INFO 15040 --- [    Test worker] o.s.b.a.w.s.WelcomePageHandlerMapping    : Adding welcome page template: index
2023-02-03 16:14:56.784  INFO 15040 --- [    Test worker] s.a.ScheduledAnnotationBeanPostProcessor : No TaskScheduler/ScheduledExecutorService bean found for scheduled processing
2023-02-03 16:14:56.786  INFO 15040 --- [    Test worker] c.j.b.s.domain.posts.PostRepositoryTest  : Started PostRepositoryTest in 1.229 seconds (JVM running for 13.693)
Hibernate: insert into posts (created_date, modified_date, author, content, title) values (?, ?, ?, ?, ?)
Hibernate: select posts0_.id as id1_0_, posts0_.created_date as created_2_0_, posts0_.modified_date as modified3_0_, posts0_.author as author4_0_, posts0_.content as content5_0_, posts0_.title as title6_0_ from posts posts0_
Hibernate: select posts0_.id as id1_0_, posts0_.created_date as created_2_0_, posts0_.modified_date as modified3_0_, posts0_.author as author4_0_, posts0_.content as content5_0_, posts0_.title as title6_0_ from posts posts0_
Hibernate: delete from posts where id=?
Hibernate: insert into posts (created_date, modified_date, author, content, title) values (?, ?, ?, ?, ?)
Hibernate: select posts0_.id as id1_0_, posts0_.created_date as created_2_0_, posts0_.modified_date as modified3_0_, posts0_.author as author4_0_, posts0_.content as content5_0_, posts0_.title as title6_0_ from posts posts0_
>>>>>> createData = 2023-02-03T16:14:56.813, modifiedDate=2023-02-03T16:14:56.813
Hibernate: select posts0_.id as id1_0_, posts0_.created_date as created_2_0_, posts0_.modified_date as modified3_0_, posts0_.author as author4_0_, posts0_.content as content5_0_, posts0_.title as title6_0_ from posts posts0_
Hibernate: delete from posts where id=?
]]></system-out>
  <system-err><![CDATA[]]></system-err>
</testsuite>
